<?xml version="1.0" encoding="UTF-8"?>
<testng-results skipped="0" failed="0" total="2" passed="2">
  <reporter-output>
  </reporter-output>
  <suite name="Suite1" duration-ms="19" started-at="2017-11-16T11:35:52Z" finished-at="2017-11-16T11:35:52Z">
    <groups>
    </groups>
    <test name="test1" duration-ms="19" started-at="2017-11-16T11:35:52Z" finished-at="2017-11-16T11:35:52Z">
      <class name="TestEmployeeDetails">
        <test-method status="PASS" signature="print()[pri:0, instance:TestEmployeeDetails@22eff179]" name="print" is-config="true" duration-ms="7" started-at="2017-11-16T17:05:52Z" finished-at="2017-11-16T17:05:52Z">
          <reporter-output>
          </reporter-output>
        </test-method> <!-- print -->
        <test-method status="PASS" signature="testCalculateAppriasal()[pri:0, instance:TestEmployeeDetails@22eff179]" name="testCalculateAppriasal" duration-ms="2" started-at="2017-11-16T17:05:52Z" finished-at="2017-11-16T17:05:52Z">
          <reporter-output>
          </reporter-output>
        </test-method> <!-- testCalculateAppriasal -->
        <test-method status="PASS" signature="testCalculateYearlySalary()[pri:0, instance:TestEmployeeDetails@22eff179]" name="testCalculateYearlySalary" duration-ms="1" started-at="2017-11-16T17:05:52Z" finished-at="2017-11-16T17:05:52Z">
          <reporter-output>
          </reporter-output>
        </test-method> <!-- testCalculateYearlySalary -->
      </class> <!-- TestEmployeeDetails -->
    </test> <!-- test1 -->
  </suite> <!-- Suite1 -->
</testng-results>
